<?xml version="1.0" encoding="UTF-8"?>
<!-- Generated by org.testng.reporters.JUnitXMLReporter -->
<testsuite ignored="0" hostname="DESKTOP-PAQK8PM" failures="0" tests="4" name="Default test" time="18.601" errors="0" timestamp="2022-08-04T11:49:37 IST">
  <testcase classname="gproject.prac.TwoTest" name="signin" time="2.781"/>
  <testcase classname="gproject.prac.TwoTest" name="emailtxt" time="2.794"/>
  <testcase classname="gproject.prac.TwoTest" name="emailtxt" time="2.911"/>
  <testcase classname="gproject.prac.TwoTest" name="createaccount" time="1.702"/>
</testsuite> <!-- Default test -->
