<?xml version="1.0" encoding="UTF-8"?>
<!-- Generated by org.testng.reporters.JUnitXMLReporter -->
<testsuite ignored="0" hostname="DESKTOP-PAQK8PM" failures="0" tests="4" name="Test1" time="18.011" errors="0" timestamp="2022-09-06T18:13:31 IST">
  <testcase classname="gproject.prac.OneTest" name="searchtexttest" time="1.832"/>
  <testcase classname="gproject.prac.OneTest" name="gmaillinktest" time="4.325"/>
  <testcase classname="gproject.prac.OneTest" name="imglinktest" time="2.743"/>
  <testcase classname="gproject.prac.OneTest" name="signinlinktest" time="1.421"/>
</testsuite> <!-- Test1 -->
